[25/2/2021 2:32:53] /town issavi
[25/2/2021 2:34:0] /town oramond
[25/2/2021 2:34:7] /town roshamuul
[25/2/2021 2:34:10] /town roshamuul
[25/2/2021 2:34:18] /town town templo oramond
[25/2/2021 2:34:27] /town templo oramond
[25/2/2021 2:39:26] /town issavi
[25/2/2021 2:40:27] /i backpack
[25/2/2021 2:40:34] /i avalanche rune, 100
[25/2/2021 2:40:58] /t
[25/2/2021 2:41:7] /r
[25/2/2021 2:41:20] /town venore
[25/2/2021 2:41:30] /town carlin
[27/2/2021 0:5:26] /skillxx Koopa Tropa, lvl, 500
[27/2/2021 0:5:31] /skillxx Koopa Tropa, lvl, 500
[27/2/2021 0:5:33] /skillxx Koopa Tropa, lvl, 500
[27/2/2021 0:5:52] /i 2160, 100
[27/2/2021 0:6:3] /goto cobra asssisin
[27/2/2021 0:6:8] /goto cobra assassin
[27/2/2021 0:6:20] /c Koopa Tropa
[27/2/2021 0:6:41] /i vip rod
[27/2/2021 0:6:43] /i vip staff
[27/2/2021 0:7:16] /goto Koopa Tropa
[27/2/2021 0:7:31] /addskillxx Koopa Tropa, lvl 5000
[27/2/2021 0:7:37] /addskillxx Koopa Tropa, lvl 5000
[27/2/2021 0:7:39] /addskillxx Koopa Tropa, lvl 5000
[27/2/2021 0:7:42] /addskillxx Koopa Tropa, lvl 500
[27/2/2021 0:7:44] /addskillxx Koopa Tropa, lvl 50
[27/2/2021 0:7:58] /town roshamuul
[27/2/2021 0:8:0] /c Koopa Tropa
[27/2/2021 0:8:44] /goto Koopa Tropa
[27/2/2021 0:8:48] /a 45
[27/2/2021 0:9:13] /c Koopa Tropa
[27/2/2021 0:9:31] /town issavi
[27/2/2021 0:9:33] /c Koopa Tropa
[27/2/2021 0:10:26] /goto Koopa Tropa
[27/2/2021 0:10:30] /goto Koopa Tropa
[27/2/2021 0:10:38] /attr
[27/2/2021 0:10:51] /attr health 10000
[27/2/2021 0:10:56] /attr health 1000
[27/2/2021 0:10:59] /attr health 1000
[27/2/2021 0:10:59] /attr health 1000
[27/2/2021 0:11:12] /goto oramond
[27/2/2021 0:11:17] /town templo oramond
[27/2/2021 0:11:32] /c koopa tropa
[27/2/2021 0:11:48] /a 45
[27/2/2021 0:11:51] /down
[27/2/2021 0:11:54] /a 45
[27/2/2021 0:11:57] /a 45
[27/2/2021 0:12:1] /c /attr health 1000
[27/2/2021 0:12:5] /c koopa tropa
[27/2/2021 0:12:24] /town secrety library
[27/2/2021 0:12:30] /c koopa tropa
[27/2/2021 0:13:9] /t
[27/2/2021 0:13:20] /town heart of destruction
[27/2/2021 0:13:36] /goto falcon knight
[27/2/2021 0:13:42] /c koopa tropa
[27/2/2021 0:14:3] /t
[27/2/2021 0:14:13] /c koopa tropa
[12/3/2021 8:37:58] /town issavi
[12/3/2021 8:40:10] /town cobra bastion
[12/3/2021 8:41:17] /r
[12/3/2021 8:42:2] /t
[12/3/2021 8:46:40] /town gundabad
[12/3/2021 8:46:50] /town gundabad
[12/3/2021 8:48:26] /t
[12/3/2021 9:27:24] /t
