[27/11/2022 16:50:50] /town venore
[27/11/2022 16:50:53] /t
[27/11/2022 16:50:58] /town venore
[27/11/2022 16:51:3] /town venore
[27/11/2022 16:51:33] /town carlin
[27/11/2022 16:51:40] /t
[27/11/2022 16:51:43] /t
[27/11/2022 16:52:14] /cliport
[27/11/2022 16:54:13] /goto 32824, 32242, 12
[27/11/2022 16:55:8] /up
[27/11/2022 16:55:18] /up
[27/11/2022 16:55:19] /up
[27/11/2022 16:55:24] /up
[27/11/2022 16:55:25] /up
[27/11/2022 16:55:27] /up
[27/11/2022 16:55:42] /up
[27/11/2022 16:57:14] /goto 32791, 32339, 10
[27/11/2022 16:57:26] /up
[27/11/2022 16:57:27] /up
[27/11/2022 16:57:28] /up
[27/11/2022 16:57:31] /a 6
[27/11/2022 16:57:36] /a 
[27/11/2022 16:57:47] /goto 32791, 32339, 10
[27/11/2022 16:57:50] /up
[27/11/2022 16:57:51] /up
[27/11/2022 16:57:51] /up
[27/11/2022 16:57:55] /a 2
[27/11/2022 16:57:56] /a 2
[27/11/2022 16:57:59] /r
[27/11/2022 17:6:11] /goto 32365, 32236, 7
[27/11/2022 17:6:33] /goto 32539, 33558, 9
[27/11/2022 17:11:0] /reload globalevents
[27/11/2022 17:14:20] /goto 33083, 31219, 8
[27/11/2022 17:16:52] /goto 32230, 31097, 7
[27/11/2022 17:17:38] /skillxx Shadowns, lvl, 30
[27/11/2022 17:18:23] /attr set attack, 4000
[27/11/2022 17:18:28] /attr set attack 4000
[27/11/2022 17:22:16] /attr attack 300
[27/11/2022 17:22:22] /attr attack, 300
[27/11/2022 17:22:30] /attr set attack, 200
[27/11/2022 17:23:18] /i solar axe
[27/11/2022 17:23:31] /i wand of inferno
[27/11/2022 17:24:4] /i wand of storm
[27/11/2022 17:24:18] /s demon
[27/11/2022 17:24:20] /s demon
[27/11/2022 17:27:38] /save
[27/11/2022 17:29:2] /skillxx Shadowns, lvl 50
[27/11/2022 17:29:7] /skillxx Shadowns, lvl, 9
[27/11/2022 17:31:44] /t
[27/11/2022 17:32:58] /goto 33284, 31593, 12
[27/11/2022 17:33:50] /a 6
[27/11/2022 17:33:51] /a 6
[27/11/2022 17:33:51] /a 6
[27/11/2022 17:34:4] /up
[27/11/2022 17:35:1] /skillxx Shadowns, lvl, 90
[27/11/2022 17:35:23] /m monk
[27/11/2022 17:35:24] /m monk
[27/11/2022 17:35:25] /m monk
[27/11/2022 17:36:8] /down
[27/11/2022 17:36:15] /up
[27/11/2022 17:36:56] /up
[27/11/2022 17:37:13] /down
[27/11/2022 17:39:1] /goto 33284, 31593, 12
[27/11/2022 17:39:6] /goto 33284, 31593, 12
[27/11/2022 17:39:33] /goto  33211,  31672,  13
[27/11/2022 17:39:52] /c rei delas
[27/11/2022 17:41:25] /c metatron voltz
[27/11/2022 17:41:29] /c metatron voltz
[27/11/2022 17:42:43] /c Shadownsd
[27/11/2022 17:42:45] /c Shadownsd
[27/11/2022 17:43:20] /skillxx Rei Delas, lvl, 100
[27/11/2022 17:43:31] /skillxx Metatron Voltz, lvl, 100
[27/11/2022 17:43:41] /skillxx Shadownsd, lvl, 100
[27/11/2022 17:48:36] /goto  32953,  32039,  7
