[30/12/2022 11:36:0] /town vikya
[30/12/2022 11:36:4] /town ethno
[30/12/2022 11:36:14] /town thais
[30/12/2022 11:36:46] /reload globalevents
[30/12/2022 11:42:36] /i 2160
[30/12/2022 11:50:7] /reload globalevents
[30/12/2022 11:52:7] /reload globalevents
[30/12/2022 11:52:8] /save
[30/12/2022 11:55:5] /reload globalevents
[30/12/2022 12:10:6] /reload globalevents
[30/12/2022 12:10:57] /up
[30/12/2022 12:12:14] /reload spells
[30/12/2022 12:12:45] /m ciclops
[30/12/2022 12:12:49] /m cyclops
[30/12/2022 12:12:58] /m cyclops
[30/12/2022 12:12:58] /m cyclops
[30/12/2022 12:12:58] /m cyclops
[30/12/2022 12:12:59] /m cyclops
[30/12/2022 12:14:52] /skillxx Thomaaz, magic lvl, 500
[30/12/2022 12:15:10] /m cyclops
[30/12/2022 12:15:10] /m cyclops
[30/12/2022 12:15:11] /m cyclops
[30/12/2022 12:15:11] /m cyclops
[30/12/2022 12:15:12] /m cyclops
[30/12/2022 12:15:12] /m cyclops
[30/12/2022 12:15:12] /m cyclops
[30/12/2022 12:15:13] /m cyclops
[30/12/2022 12:15:13] /m cyclops
[30/12/2022 12:15:13] /m cyclops
[30/12/2022 12:15:14] /m cyclops
[30/12/2022 12:15:14] /m cyclops
[30/12/2022 12:15:14] /m cyclops
[30/12/2022 12:15:15] /m cyclops
[30/12/2022 12:15:57] /t
[30/12/2022 12:16:1] /town ethno
[30/12/2022 12:16:4] /town gengia
[30/12/2022 12:16:9] /town issavi
[30/12/2022 12:16:16] /town ghala
[30/12/2022 12:16:26] /town roshamuul
[30/12/2022 12:16:39] /town vikya
[30/12/2022 12:16:57] /town thais
[30/12/2022 12:34:39] /goto 652,  1020,  7
[30/12/2022 12:57:8] /reload globalevents
[30/12/2022 13:2:0] /t
[30/12/2022 13:2:3] /town thais
[30/12/2022 13:2:39] /reload globalevents
[30/12/2022 13:7:55] /goto 32149,32252, 7
[30/12/2022 13:12:15] /reload globalevents
[30/12/2022 13:17:27] /t
[30/12/2022 13:17:41] /goto zombie
[30/12/2022 13:17:46] /goto zumbie
[30/12/2022 13:17:51] /m zumbie
[30/12/2022 13:22:21] /reload globalevents
[30/12/2022 13:22:24] /town thais
[30/12/2022 13:31:26] /reload globalevents
[30/12/2022 13:46:7] /reload globalevents
[30/12/2022 14:9:43] /reload globalevents
[30/12/2022 14:10:54] /reload globalevents
[30/12/2022 14:12:49] /reload globalevents
[30/12/2022 14:19:23] /reload globalevents
[30/12/2022 14:27:54] /reload globalevents
[30/12/2022 14:31:25] /reload globalevents
[30/12/2022 14:35:49] /reload globalevents
[30/12/2022 14:36:45] /reload globalevents
[30/12/2022 14:36:47] /reload globalevents
[30/12/2022 14:38:13] /t
[30/12/2022 17:52:25] /up
[30/12/2022 17:52:27] /up
[30/12/2022 17:52:27] /up
[30/12/2022 19:20:38] /t
[30/12/2022 19:20:41] /town thais
[30/12/2022 19:24:51] /town nevaska
[30/12/2022 19:30:8] /town thais
[31/12/2022 15:14:19] /town beneva
[31/12/2022 15:53:7] /goto  33445,  31723,  9
[31/12/2022 16:15:18] /goto  33458,  31723,  8
[31/12/2022 16:17:12] /i backpack
[31/12/2022 16:32:34] /goto  33597,  31945,  13
[31/12/2022 16:46:20] /shutdownx
[31/12/2022 16:47:21] /goto  33547,  31964,  13
[31/12/2022 16:47:31] /a 2
[31/12/2022 16:47:33] /down
[31/12/2022 16:52:4] /save
[31/12/2022 16:53:29] /goto  33548,  31959,  14
[31/12/2022 17:19:0] /goto 33552, 31952, 14
